app/build/outputs/logs/manifest-merger-debug-report.txt
-- Merging decision tree log ---
manifest
ADDED from src\main\AndroidManifest.xml:2:1-95:12
INJECTED from src\main\AndroidManifest.xml:2:1-95:12
INJECTED from src\main\AndroidManifest.xml:2:1-95:12
INJECTED from src\main\AndroidManifest.xml:2:1-95:12
MERGED from [com.android.support:design:28.0.0-rc01] AndroidManifest.xml:17:1-24:12
MERGED from [com.android.support:appcompat-v7:28.0.0-rc01] AndroidManifest.xml:17:1-22:12
MERGED from [com.android.support.constraint:constraint-layout:1.1.2] AndroidManifest.xml:2:1-11:12
MERGED from [org.litepal.android:core:1.5.0] AndroidManifest.xml:2:1-16:12
MERGED from [com.makeramen:roundedimageview:2.2.1] AndroidManifest.xml:2:1-9:12
MERGED from [com.android.support:support-v4:28.0.0-rc01] AndroidManifest.xml:17:1-22:12
MERGED from [com.android.support:recyclerview-v7:28.0.0-rc01] AndroidManifest.xml:17:1-22:12
MERGED from [com.lzy.net:okgo:3.0.4] AndroidManifest.xml:17:1-31:12
MERGED from [me.alexrs:prefs:1.1.0] AndroidManifest.xml:2:1-14:12
MERGED from [com.contrarywind:Android-PickerView:3.2.7] AndroidManifest.xml:2:1-11:12
MERGED from [com.android.support:support-fragment:28.0.0-rc01] AndroidManifest.xml:17:1-22:12
MERGED from [com.android.support:animated-vector-drawable:28.0.0-rc01] AndroidManifest.xml:17:1-22:12
MERGED from [com.android.support:support-core-ui:28.0.0-rc01] AndroidManifest.xml:17:1-22:12
MERGED from [com.android.support:support-core-utils:28.0.0-rc01] AndroidManifest.xml:17:1-22:12
MERGED from [com.android.support:support-vector-drawable:28.0.0-rc01] AndroidManifest.xml:17:1-22:12
MERGED from [com.android.support:support-media-compat:28.0.0-rc01] AndroidManifest.xml:17:1-22:12
MERGED from [com.android.support:transition:28.0.0-rc01] AndroidManifest.xml:17:1-22:12
MERGED from [com.android.support:loader:28.0.0-rc01] AndroidManifest.xml:17:1-22:12
MERGED from [com.android.support:viewpager:28.0.0-rc01] AndroidManifest.xml:17:1-22:12
MERGED from [com.android.support:coordinatorlayout:28.0.0-rc01] AndroidManifest.xml:17:1-22:12
MERGED from [com.android.support:drawerlayout:28.0.0-rc01] AndroidManifest.xml:17:1-22:12
MERGED from [com.android.support:slidingpanelayout:28.0.0-rc01] AndroidManifest.xml:17:1-22:12
MERGED from [com.android.support:customview:28.0.0-rc01] AndroidManifest.xml:17:1-22:12
MERGED from [com.android.support:swiperefreshlayout:28.0.0-rc01] AndroidManifest.xml:17:1-22:12
MERGED from [com.android.support:asynclayoutinflater:28.0.0-rc01] AndroidManifest.xml:17:1-22:12
MERGED from [com.android.support:support-compat:28.0.0-rc01] AndroidManifest.xml:17:1-24:12
MERGED from [com.android.support:versionedparcelable:28.0.0-rc01] AndroidManifest.xml:17:1-25:12
MERGED from [com.android.support:cursoradapter:28.0.0-rc01] AndroidManifest.xml:17:1-22:12
MERGED from [com.android.support:cardview-v7:28.0.0-rc01] AndroidManifest.xml:17:1-22:12
MERGED from [android.arch.lifecycle:runtime:1.1.1] AndroidManifest.xml:17:1-22:12
MERGED from [com.android.support:documentfile:28.0.0-rc01] AndroidManifest.xml:17:1-22:12
MERGED from [com.android.support:localbroadcastmanager:28.0.0-rc01] AndroidManifest.xml:17:1-22:12
MERGED from [com.android.support:print:28.0.0-rc01] AndroidManifest.xml:17:1-22:12
MERGED from [android.arch.lifecycle:viewmodel:1.1.1] AndroidManifest.xml:17:1-22:12
MERGED from [com.android.support:interpolator:28.0.0-rc01] AndroidManifest.xml:17:1-22:12
MERGED from [android.arch.lifecycle:livedata-core:1.1.1] AndroidManifest.xml:17:1-22:12
MERGED from [android.arch.core:runtime:1.1.1] AndroidManifest.xml:17:1-22:12
INJECTED from src\main\AndroidManifest.xml:2:1-95:12
INJECTED from src\main\AndroidManifest.xml:2:1-95:12
INJECTED from src\main\AndroidManifest.xml:2:1-95:12
	package
		ADDED from src\main\AndroidManifest.xml:4:5-47
		INJECTED from src\main\AndroidManifest.xml
		INJECTED from src\main\AndroidManifest.xml
	android:versionName
		INJECTED from src\main\AndroidManifest.xml
		ADDED from src\main\AndroidManifest.xml:2:1-95:12
		INJECTED from src\main\AndroidManifest.xml
	xmlns:tools
		ADDED from src\main\AndroidManifest.xml:3:5-51
	android:versionCode
		INJECTED from src\main\AndroidManifest.xml
		ADDED from src\main\AndroidManifest.xml:2:1-95:12
		INJECTED from src\main\AndroidManifest.xml
	xmlns:android
		ADDED from src\main\AndroidManifest.xml:2:11-69
application
ADDED from src\main\AndroidManifest.xml:6:5-93:19
MERGED from [com.android.support:design:28.0.0-rc01] AndroidManifest.xml:22:5-20
MERGED from [com.android.support:design:28.0.0-rc01] AndroidManifest.xml:22:5-20
MERGED from [com.android.support.constraint:constraint-layout:1.1.2] AndroidManifest.xml:9:5-20
MERGED from [com.android.support.constraint:constraint-layout:1.1.2] AndroidManifest.xml:9:5-20
MERGED from [org.litepal.android:core:1.5.0] AndroidManifest.xml:11:5-14:19
MERGED from [org.litepal.android:core:1.5.0] AndroidManifest.xml:11:5-14:19
MERGED from [me.alexrs:prefs:1.1.0] AndroidManifest.xml:11:5-12:19
MERGED from [me.alexrs:prefs:1.1.0] AndroidManifest.xml:11:5-12:19
MERGED from [com.android.support:support-compat:28.0.0-rc01] AndroidManifest.xml:22:5-94
MERGED from [com.android.support:support-compat:28.0.0-rc01] AndroidManifest.xml:22:5-94
MERGED from [com.android.support:versionedparcelable:28.0.0-rc01] AndroidManifest.xml:22:5-23:19
MERGED from [com.android.support:versionedparcelable:28.0.0-rc01] AndroidManifest.xml:22:5-23:19
	android:appComponentFactory
		ADDED from [com.android.support:support-compat:28.0.0-rc01] AndroidManifest.xml:22:18-91
	android:supportsRtl
		ADDED from src\main\AndroidManifest.xml:12:9-35
	android:label
		ADDED from src\main\AndroidManifest.xml:10:9-41
	android:roundIcon
		ADDED from src\main\AndroidManifest.xml:11:9-54
	android:icon
		ADDED from src\main\AndroidManifest.xml:9:9-43
	android:allowBackup
		ADDED from src\main\AndroidManifest.xml:8:9-35
		REJECTED from [org.litepal.android:core:1.5.0] AndroidManifest.xml:12:9-35
		REJECTED from [me.alexrs:prefs:1.1.0] AndroidManifest.xml:11:18-44
	android:theme
		ADDED from src\main\AndroidManifest.xml:13:9-65
	tools:replace
		ADDED from src\main\AndroidManifest.xml:14:9-44
	android:name
		ADDED from src\main\AndroidManifest.xml:7:9-54
activity#com.tuding.client.eightnumcolour.activity.MainActivity
ADDED from src\main\AndroidManifest.xml:15:9-19:20
	android:theme
		ADDED from src\main\AndroidManifest.xml:17:13-52
	android:name
		ADDED from src\main\AndroidManifest.xml:16:13-50
activity#com.tuding.client.eightnumcolour.activity.LoginActivity
ADDED from src\main\AndroidManifest.xml:20:9-28:20
	android:theme
		ADDED from src\main\AndroidManifest.xml:22:13-52
	android:name
		ADDED from src\main\AndroidManifest.xml:21:13-51
intent-filter#action:name:android.intent.action.MAIN+category:name:android.intent.category.LAUNCHER
ADDED from src\main\AndroidManifest.xml:23:13-27:29
action#android.intent.action.MAIN
ADDED from src\main\AndroidManifest.xml:24:17-69
	android:name
		ADDED from src\main\AndroidManifest.xml:24:25-66
category#android.intent.category.LAUNCHER
ADDED from src\main\AndroidManifest.xml:26:17-77
	android:name
		ADDED from src\main\AndroidManifest.xml:26:27-74
activity#com.tuding.client.eightnumcolour.activity.RegisterActivity
ADDED from src\main\AndroidManifest.xml:29:9-31:55
	android:theme
		ADDED from src\main\AndroidManifest.xml:31:13-52
	android:name
		ADDED from src\main\AndroidManifest.xml:30:13-54
activity#com.tuding.client.eightnumcolour.activity.RetrievePasswordActivity
ADDED from src\main\AndroidManifest.xml:32:9-34:55
	android:theme
		ADDED from src\main\AndroidManifest.xml:34:13-52
	android:name
		ADDED from src\main\AndroidManifest.xml:33:13-62
activity#com.tuding.client.eightnumcolour.activity.BetActivity
ADDED from src\main\AndroidManifest.xml:35:9-37:55
	android:theme
		ADDED from src\main\AndroidManifest.xml:37:13-52
	android:name
		ADDED from src\main\AndroidManifest.xml:36:13-49
activity#com.tuding.client.eightnumcolour.activity.SetNickNameAndPsActivity
ADDED from src\main\AndroidManifest.xml:38:9-40:55
	android:theme
		ADDED from src\main\AndroidManifest.xml:40:13-52
	android:name
		ADDED from src\main\AndroidManifest.xml:39:13-62
activity#com.tuding.client.eightnumcolour.activity.SetActivity
ADDED from src\main\AndroidManifest.xml:41:9-43:55
	android:theme
		ADDED from src\main\AndroidManifest.xml:43:13-52
	android:name
		ADDED from src\main\AndroidManifest.xml:42:13-49
activity#com.tuding.client.eightnumcolour.activity.LotteryResultsActivity
ADDED from src\main\AndroidManifest.xml:44:9-46:55
	android:theme
		ADDED from src\main\AndroidManifest.xml:46:13-52
	android:name
		ADDED from src\main\AndroidManifest.xml:45:13-60
activity#com.tuding.client.eightnumcolour.activity.BasketballActivity
ADDED from src\main\AndroidManifest.xml:47:9-49:55
	android:windowSoftInputMode
		ADDED from src\main\AndroidManifest.xml:49:13-52
	android:name
		ADDED from src\main\AndroidManifest.xml:48:13-56
activity#com.tuding.client.eightnumcolour.activity.LotteryResultsInfoListActivity
ADDED from src\main\AndroidManifest.xml:50:9-52:55
	android:theme
		ADDED from src\main\AndroidManifest.xml:52:13-52
	android:name
		ADDED from src\main\AndroidManifest.xml:51:13-68
activity#com.tuding.client.eightnumcolour.activity.LotteryResultsInfoActivity
ADDED from src\main\AndroidManifest.xml:53:9-55:55
	android:theme
		ADDED from src\main\AndroidManifest.xml:55:13-52
	android:name
		ADDED from src\main\AndroidManifest.xml:54:13-64
activity#com.tuding.client.eightnumcolour.activity.AccountDetailActivity
ADDED from src\main\AndroidManifest.xml:57:9-59:55
	android:theme
		ADDED from src\main\AndroidManifest.xml:59:13-52
	android:name
		ADDED from src\main\AndroidManifest.xml:58:13-59
activity#com.tuding.client.eightnumcolour.activity.RealNameActivity
ADDED from src\main\AndroidManifest.xml:61:9-63:55
	android:theme
		ADDED from src\main\AndroidManifest.xml:63:13-52
	android:name
		ADDED from src\main\AndroidManifest.xml:62:13-54
activity#com.tuding.client.eightnumcolour.activity.PsManagerActivity
ADDED from src\main\AndroidManifest.xml:65:9-67:64
	android:theme
		ADDED from src\main\AndroidManifest.xml:67:13-52
	android:name
		ADDED from src\main\AndroidManifest.xml:66:13-55
activity#com.tuding.client.eightnumcolour.activity.ModifyLoginPsActivity
ADDED from src\main\AndroidManifest.xml:70:9-72:64
	android:theme
		ADDED from src\main\AndroidManifest.xml:72:13-52
	android:name
		ADDED from src\main\AndroidManifest.xml:71:13-59
activity#com.tuding.client.eightnumcolour.activity.InitPayPsActivity
ADDED from src\main\AndroidManifest.xml:73:9-75:64
	android:theme
		ADDED from src\main\AndroidManifest.xml:75:13-52
	android:name
		ADDED from src\main\AndroidManifest.xml:74:13-55
activity#com.tuding.client.eightnumcolour.activity.FindBackPayPsActivity
ADDED from src\main\AndroidManifest.xml:76:9-78:64
	android:theme
		ADDED from src\main\AndroidManifest.xml:78:13-52
	android:name
		ADDED from src\main\AndroidManifest.xml:77:13-59
activity#com.tuding.client.eightnumcolour.activity.CashManagementActivity
ADDED from src\main\AndroidManifest.xml:79:9-81:55
	android:theme
		ADDED from src\main\AndroidManifest.xml:81:13-52
	android:name
		ADDED from src\main\AndroidManifest.xml:80:13-60
activity#com.tuding.client.eightnumcolour.activity.DestoonFinanceCashActivity
ADDED from src\main\AndroidManifest.xml:82:9-84:55
	android:theme
		ADDED from src\main\AndroidManifest.xml:84:13-52
	android:name
		ADDED from src\main\AndroidManifest.xml:83:13-64
activity#com.tuding.client.eightnumcolour.activity.BankCardManagementActivity
ADDED from src\main\AndroidManifest.xml:85:9-87:55
	android:theme
		ADDED from src\main\AndroidManifest.xml:87:13-52
	android:name
		ADDED from src\main\AndroidManifest.xml:86:13-64
activity#com.tuding.client.eightnumcolour.activity.AddBankActivity
ADDED from src\main\AndroidManifest.xml:88:9-90:55
	android:theme
		ADDED from src\main\AndroidManifest.xml:90:13-52
	android:name
		ADDED from src\main\AndroidManifest.xml:89:13-53
activity#com.tuding.client.eightnumcolour.activity.DrawTheDetailActivity
ADDED from src\main\AndroidManifest.xml:91:9-68
	android:name
		ADDED from src\main\AndroidManifest.xml:91:19-65
uses-sdk
INJECTED from src\main\AndroidManifest.xml reason: use-sdk injection requested
INJECTED from src\main\AndroidManifest.xml
INJECTED from src\main\AndroidManifest.xml
MERGED from [com.android.support:design:28.0.0-rc01] AndroidManifest.xml:20:5-44
MERGED from [com.android.support:design:28.0.0-rc01] AndroidManifest.xml:20:5-44
MERGED from [com.android.support:appcompat-v7:28.0.0-rc01] AndroidManifest.xml:20:5-44
MERGED from [com.android.support:appcompat-v7:28.0.0-rc01] AndroidManifest.xml:20:5-44
MERGED from [com.android.support.constraint:constraint-layout:1.1.2] AndroidManifest.xml:5:5-7:41
MERGED from [com.android.support.constraint:constraint-layout:1.1.2] AndroidManifest.xml:5:5-7:41
MERGED from [org.litepal.android:core:1.5.0] AndroidManifest.xml:7:5-9:41
MERGED from [org.litepal.android:core:1.5.0] AndroidManifest.xml:7:5-9:41
MERGED from [com.makeramen:roundedimageview:2.2.1] AndroidManifest.xml:7:5-43
MERGED from [com.makeramen:roundedimageview:2.2.1] AndroidManifest.xml:7:5-43
MERGED from [com.android.support:support-v4:28.0.0-rc01] AndroidManifest.xml:20:5-44
MERGED from [com.android.support:support-v4:28.0.0-rc01] AndroidManifest.xml:20:5-44
MERGED from [com.android.support:recyclerview-v7:28.0.0-rc01] AndroidManifest.xml:20:5-44
MERGED from [com.android.support:recyclerview-v7:28.0.0-rc01] AndroidManifest.xml:20:5-44
MERGED from [com.lzy.net:okgo:3.0.4] AndroidManifest.xml:22:5-24:41
MERGED from [com.lzy.net:okgo:3.0.4] AndroidManifest.xml:22:5-24:41
MERGED from [me.alexrs:prefs:1.1.0] AndroidManifest.xml:7:5-9:41
MERGED from [me.alexrs:prefs:1.1.0] AndroidManifest.xml:7:5-9:41
MERGED from [com.contrarywind:Android-PickerView:3.2.7] AndroidManifest.xml:7:5-9:41
MERGED from [com.contrarywind:Android-PickerView:3.2.7] AndroidManifest.xml:7:5-9:41
MERGED from [com.android.support:support-fragment:28.0.0-rc01] AndroidManifest.xml:20:5-44
MERGED from [com.android.support:support-fragment:28.0.0-rc01] AndroidManifest.xml:20:5-44
MERGED from [com.android.support:animated-vector-drawable:28.0.0-rc01] AndroidManifest.xml:20:5-44
MERGED from [com.android.support:animated-vector-drawable:28.0.0-rc01] AndroidManifest.xml:20:5-44
MERGED from [com.android.support:support-core-ui:28.0.0-rc01] AndroidManifest.xml:20:5-44
MERGED from [com.android.support:support-core-ui:28.0.0-rc01] AndroidManifest.xml:20:5-44
MERGED from [com.android.support:support-core-utils:28.0.0-rc01] AndroidManifest.xml:20:5-44
MERGED from [com.android.support:support-core-utils:28.0.0-rc01] AndroidManifest.xml:20:5-44
MERGED from [com.android.support:support-vector-drawable:28.0.0-rc01] AndroidManifest.xml:20:5-44
MERGED from [com.android.support:support-vector-drawable:28.0.0-rc01] AndroidManifest.xml:20:5-44
MERGED from [com.android.support:support-media-compat:28.0.0-rc01] AndroidManifest.xml:20:5-44
MERGED from [com.android.support:support-media-compat:28.0.0-rc01] AndroidManifest.xml:20:5-44
MERGED from [com.android.support:transition:28.0.0-rc01] AndroidManifest.xml:20:5-44
MERGED from [com.android.support:transition:28.0.0-rc01] AndroidManifest.xml:20:5-44
MERGED from [com.android.support:loader:28.0.0-rc01] AndroidManifest.xml:20:5-44
MERGED from [com.android.support:loader:28.0.0-rc01] AndroidManifest.xml:20:5-44
MERGED from [com.android.support:viewpager:28.0.0-rc01] AndroidManifest.xml:20:5-44
MERGED from [com.android.support:viewpager:28.0.0-rc01] AndroidManifest.xml:20:5-44
MERGED from [com.android.support:coordinatorlayout:28.0.0-rc01] AndroidManifest.xml:20:5-44
MERGED from [com.android.support:coordinatorlayout:28.0.0-rc01] AndroidManifest.xml:20:5-44
MERGED from [com.android.support:drawerlayout:28.0.0-rc01] AndroidManifest.xml:20:5-44
MERGED from [com.android.support:drawerlayout:28.0.0-rc01] AndroidManifest.xml:20:5-44
MERGED from [com.android.support:slidingpanelayout:28.0.0-rc01] AndroidManifest.xml:20:5-44
MERGED from [com.android.support:slidingpanelayout:28.0.0-rc01] AndroidManifest.xml:20:5-44
MERGED from [com.android.support:customview:28.0.0-rc01] AndroidManifest.xml:20:5-44
MERGED from [com.android.support:customview:28.0.0-rc01] AndroidManifest.xml:20:5-44
MERGED from [com.android.support:swiperefreshlayout:28.0.0-rc01] AndroidManifest.xml:20:5-44
MERGED from [com.android.support:swiperefreshlayout:28.0.0-rc01] AndroidManifest.xml:20:5-44
MERGED from [com.android.support:asynclayoutinflater:28.0.0-rc01] AndroidManifest.xml:20:5-44
MERGED from [com.android.support:asynclayoutinflater:28.0.0-rc01] AndroidManifest.xml:20:5-44
MERGED from [com.android.support:support-compat:28.0.0-rc01] AndroidManifest.xml:20:5-44
MERGED from [com.android.support:support-compat:28.0.0-rc01] AndroidManifest.xml:20:5-44
MERGED from [com.android.support:versionedparcelable:28.0.0-rc01] AndroidManifest.xml:20:5-44
MERGED from [com.android.support:versionedparcelable:28.0.0-rc01] AndroidManifest.xml:20:5-44
MERGED from [com.android.support:cursoradapter:28.0.0-rc01] AndroidManifest.xml:20:5-44
MERGED from [com.android.support:cursoradapter:28.0.0-rc01] AndroidManifest.xml:20:5-44
MERGED from [com.android.support:cardview-v7:28.0.0-rc01] AndroidManifest.xml:20:5-44
MERGED from [com.android.support:cardview-v7:28.0.0-rc01] AndroidManifest.xml:20:5-44
MERGED from [android.arch.lifecycle:runtime:1.1.1] AndroidManifest.xml:20:5-44
MERGED from [android.arch.lifecycle:runtime:1.1.1] AndroidManifest.xml:20:5-44
MERGED from [com.android.support:documentfile:28.0.0-rc01] AndroidManifest.xml:20:5-44
MERGED from [com.android.support:documentfile:28.0.0-rc01] AndroidManifest.xml:20:5-44
MERGED from [com.android.support:localbroadcastmanager:28.0.0-rc01] AndroidManifest.xml:20:5-44
MERGED from [com.android.support:localbroadcastmanager:28.0.0-rc01] AndroidManifest.xml:20:5-44
MERGED from [com.android.support:print:28.0.0-rc01] AndroidManifest.xml:20:5-44
MERGED from [com.android.support:print:28.0.0-rc01] AndroidManifest.xml:20:5-44
MERGED from [android.arch.lifecycle:viewmodel:1.1.1] AndroidManifest.xml:20:5-44
MERGED from [android.arch.lifecycle:viewmodel:1.1.1] AndroidManifest.xml:20:5-44
MERGED from [com.android.support:interpolator:28.0.0-rc01] AndroidManifest.xml:20:5-44
MERGED from [com.android.support:interpolator:28.0.0-rc01] AndroidManifest.xml:20:5-44
MERGED from [android.arch.lifecycle:livedata-core:1.1.1] AndroidManifest.xml:20:5-44
MERGED from [android.arch.lifecycle:livedata-core:1.1.1] AndroidManifest.xml:20:5-44
MERGED from [android.arch.core:runtime:1.1.1] AndroidManifest.xml:20:5-44
MERGED from [android.arch.core:runtime:1.1.1] AndroidManifest.xml:20:5-44
INJECTED from src\main\AndroidManifest.xml
INJECTED from src\main\AndroidManifest.xml
	android:targetSdkVersion
		INJECTED from src\main\AndroidManifest.xml
		ADDED from src\main\AndroidManifest.xml
		INJECTED from src\main\AndroidManifest.xml
	android:minSdkVersion
		INJECTED from src\main\AndroidManifest.xml
		ADDED from src\main\AndroidManifest.xml
		INJECTED from src\main\AndroidManifest.xml
uses-permission#android.permission.INTERNET
ADDED from [com.lzy.net:okgo:3.0.4] AndroidManifest.xml:26:5-67
	android:name
		ADDED from [com.lzy.net:okgo:3.0.4] AndroidManifest.xml:26:22-64
uses-permission#android.permission.READ_EXTERNAL_STORAGE
ADDED from [com.lzy.net:okgo:3.0.4] AndroidManifest.xml:27:5-80
IMPLIED from src\main\AndroidManifest.xml:2:1-95:12 reason: com.lzy.okgo requested WRITE_EXTERNAL_STORAGE
	android:name
		ADDED from [com.lzy.net:okgo:3.0.4] AndroidManifest.xml:27:22-77
uses-permission#android.permission.WRITE_EXTERNAL_STORAGE
ADDED from [com.lzy.net:okgo:3.0.4] AndroidManifest.xml:28:5-81
	android:name
		ADDED from [com.lzy.net:okgo:3.0.4] AndroidManifest.xml:28:22-78
uses-permission#android.permission.MOUNT_UNMOUNT_FILESYSTEMS
ADDED from [com.lzy.net:okgo:3.0.4] AndroidManifest.xml:29:5-84
	android:name
		ADDED from [com.lzy.net:okgo:3.0.4] AndroidManifest.xml:29:22-81